[0m[[0m[0mdebug[0m] [0m[0m> Exec(run, Some(5505e033-3ff5-4323-9fee-f3656d73e442), Some(CommandSource(console0)))[0m
[0m[[0m[0mdebug[0m] [0m[0mEvaluating tasks: Compile / run[0m
[0m[[0m[0mdebug[0m] [0m[0mRunning task... Cancel: Signal, check cycles: false, forcegc: true[0m
[0m[[0m[0minfo[0m] [0m[0mcompiling 1 Scala source to /home/michal/silos/Dropbox/programowanie/scala/data_transform/target/scala-2.13/classes ...[0m
[0m[[0m[31merror[0m] [0m[0m/home/michal/silos/Dropbox/programowanie/scala/data_transform/src/main/scala/example/main.scala:64:32: value $ is not a member of StringContext[0m
[0m[[0m[31merror[0m] [0m[0m  val iloc2_4 = withIdx.filter($"idx" >= 2 && $"idx" < 4).drop("idx")[0m
[0m[[0m[31merror[0m] [0m[0m                               ^[0m
[0m[[0m[31merror[0m] [0m[0m/home/michal/silos/Dropbox/programowanie/scala/data_transform/src/main/scala/example/main.scala:64:47: value $ is not a member of StringContext[0m
[0m[[0m[31merror[0m] [0m[0m  val iloc2_4 = withIdx.filter($"idx" >= 2 && $"idx" < 4).drop("idx")[0m
[0m[[0m[31merror[0m] [0m[0m                                              ^[0m
[0m[[0m[31merror[0m] [0m[0m/home/michal/silos/Dropbox/programowanie/scala/data_transform/src/main/scala/example/main.scala:68:31: value $ is not a member of StringContext[0m
[0m[[0m[31merror[0m] [0m[0m  val loc2_4 = withIdx.filter($"idx" >= 2 && $"idx" <= 4).drop("idx")[0m
[0m[[0m[31merror[0m] [0m[0m                              ^[0m
[0m[[0m[31merror[0m] [0m[0m/home/michal/silos/Dropbox/programowanie/scala/data_transform/src/main/scala/example/main.scala:68:46: value $ is not a member of StringContext[0m
[0m[[0m[31merror[0m] [0m[0m  val loc2_4 = withIdx.filter($"idx" >= 2 && $"idx" <= 4).drop("idx")[0m
[0m[[0m[31merror[0m] [0m[0m                                             ^[0m
[0m[[0m[31merror[0m] [0m[0mfour errors found[0m
[0m[[0m[31merror[0m] [0m[0m(Compile / [31mcompileIncremental[0m) Compilation failed[0m
[0m[[0m[31merror[0m] [0m[0mTotal time: 1 s, completed 17 cze 2025, 15:21:59[0m
[0m[[0m[0mdebug[0m] [0m[0m> Exec(shell, None, None)[0m
[0m[[0m[0mdebug[0m] [0m[0mForcing garbage collection...[0m
[0m[[0m[0minfo[0m] [0m[0mshutting down sbt server[0m
